-------------------------------------------------------------------------------
Test set: com.gorest.userinfo.CreateUserDataDrivenTest
-------------------------------------------------------------------------------
Tests run: 1, Failures: 0, Errors: 1, Skipped: 0, Time elapsed: 0.258 sec <<< FAILURE! - in com.gorest.userinfo.CreateUserDataDrivenTest
createMultipleUsers(com.gorest.userinfo.CreateUserDataDrivenTest)  Time elapsed: 0.007 sec  <<< ERROR!
java.lang.NullPointerException: null
	at com.gorest.userinfo.CreateUserDataDrivenTest.createMultipleUsers(CreateUserDataDrivenTest.java:23)

