<?xml version="1.0" encoding="UTF-8"?><testsuite errors="0" failures="0" name="com.gorest.userinfo.UserCRUDTestWithSteps" skipped="0" tests="4" time="8.36" timestamp="2023-06-06T12:25:28.066+01:00[Europe/London]"><testcase classname="com.gorest.userinfo.UserCRUDTestWithSteps" name="This will create a new user"/><testcase classname="com.gorest.userinfo.UserCRUDTestWithSteps" name="Verify if the user was added to the application"/><testcase classname="com.gorest.userinfo.UserCRUDTestWithSteps" name="Update the user information and verify the updated information "/><testcase classname="com.gorest.userinfo.UserCRUDTestWithSteps" name="This will delete user and verify that user is deleted"/></testsuite>